<?xml version="1.0" encoding="UTF-8"?>
<testng-results ignored="1" total="6" passed="4" failed="1" skipped="0">
  <reporter-output>
  </reporter-output>
  <suite started-at="2019-06-19T07:13:40Z" name="MySuite" finished-at="2019-06-19T07:14:21Z" duration-ms="40945">
    <groups>
    </groups>
    <test started-at="2019-06-19T07:13:40Z" name="Regresion test for 1.5.35" finished-at="2019-06-19T07:14:21Z" duration-ms="40945">
      <class name="TestCases.AuthenticationUserSignIn">
        <test-method is-config="true" signature="deleteScreenShot()[pri:0, instance:TestCases.AuthenticationUserSignIn@11c9af63]" started-at="2019-06-19T07:13:40Z" name="deleteScreenShot" finished-at="2019-06-19T07:13:40Z" duration-ms="13" status="PASS">
          <reporter-output>
          </reporter-output>
        </test-method> <!-- deleteScreenShot -->
        <test-method is-config="true" signature="settupTestingData()[pri:0, instance:TestCases.AuthenticationUserSignIn@11c9af63]" started-at="2019-06-19T07:13:40Z" name="settupTestingData" finished-at="2019-06-19T07:13:40Z" duration-ms="0" status="PASS">
          <reporter-output>
          </reporter-output>
        </test-method> <!-- settupTestingData -->
        <test-method is-config="true" signature="setBaseConfig(java.lang.String)[pri:0, instance:TestCases.AuthenticationUserSignIn@11c9af63]" started-at="2019-06-19T07:13:40Z" name="setBaseConfig" finished-at="2019-06-19T07:14:07Z" duration-ms="26546" status="PASS">
          <params>
            <param index="0">
              <value>
                <![CDATA[firefox]]>
              </value>
            </param>
          </params>
          <reporter-output>
          </reporter-output>
        </test-method> <!-- setBaseConfig -->
        <test-method signature="A_001_AuthenticationWithUnregisteredCompanyUser()[pri:0, instance:TestCases.AuthenticationUserSignIn@11c9af63]" started-at="2019-06-19T07:14:07Z" name="A_001_AuthenticationWithUnregisteredCompanyUser" finished-at="2019-06-19T07:14:10Z" duration-ms="3142" status="PASS">
          <reporter-output>
          </reporter-output>
        </test-method> <!-- A_001_AuthenticationWithUnregisteredCompanyUser -->
        <test-method signature="A_002_AuthenticationWithUnregisteredUserName()[pri:0, instance:TestCases.AuthenticationUserSignIn@11c9af63]" started-at="2019-06-19T07:14:10Z" name="A_002_AuthenticationWithUnregisteredUserName" finished-at="2019-06-19T07:14:12Z" duration-ms="2623" status="PASS">
          <reporter-output>
          </reporter-output>
        </test-method> <!-- A_002_AuthenticationWithUnregisteredUserName -->
        <test-method signature="A_003_AuthenticationWithInvalidPassword()[pri:0, instance:TestCases.AuthenticationUserSignIn@11c9af63]" started-at="2019-06-19T07:14:12Z" name="A_003_AuthenticationWithInvalidPassword" finished-at="2019-06-19T07:14:15Z" duration-ms="2612" status="PASS">
          <reporter-output>
          </reporter-output>
        </test-method> <!-- A_003_AuthenticationWithInvalidPassword -->
        <test-method signature="A_005_AuthenticationWithEmptyUserName()[pri:0, instance:TestCases.AuthenticationUserSignIn@11c9af63]" started-at="2019-06-19T07:14:15Z" name="A_005_AuthenticationWithEmptyUserName" finished-at="2019-06-19T07:14:17Z" duration-ms="2488" status="PASS">
          <reporter-output>
          </reporter-output>
        </test-method> <!-- A_005_AuthenticationWithEmptyUserName -->
        <test-method signature="A_006_AuthenticationWithEmptyPassword()[pri:0, instance:TestCases.AuthenticationUserSignIn@11c9af63]" started-at="2019-06-19T07:14:17Z" name="A_006_AuthenticationWithEmptyPassword" finished-at="2019-06-19T07:14:20Z" duration-ms="2498" status="FAIL">
          <exception class="java.lang.AssertionError">
            <message>
              <![CDATA[expected [true] but found [false]]]>
            </message>
            <full-stacktrace>
              <![CDATA[java.lang.AssertionError: expected [true] but found [false]
at org.testng.Assert.fail(Assert.java:96)
at org.testng.Assert.failNotEquals(Assert.java:776)
at org.testng.Assert.assertTrue(Assert.java:44)
at org.testng.Assert.assertTrue(Assert.java:54)
at TestCases.AuthenticationUserSignIn.A_006_AuthenticationWithEmptyPassword(AuthenticationUserSignIn.java:236)
at java.base/jdk.internal.reflect.NativeMethodAccessorImpl.invoke0(Native Method)
at java.base/jdk.internal.reflect.NativeMethodAccessorImpl.invoke(NativeMethodAccessorImpl.java:62)
at java.base/jdk.internal.reflect.DelegatingMethodAccessorImpl.invoke(DelegatingMethodAccessorImpl.java:43)
at java.base/java.lang.reflect.Method.invoke(Method.java:564)
at org.testng.internal.MethodInvocationHelper.invokeMethod(MethodInvocationHelper.java:124)
at org.testng.internal.Invoker.invokeMethod(Invoker.java:580)
at org.testng.internal.Invoker.invokeTestMethod(Invoker.java:716)
at org.testng.internal.Invoker.invokeTestMethods(Invoker.java:988)
at org.testng.internal.TestMethodWorker.invokeTestMethods(TestMethodWorker.java:125)
at org.testng.internal.TestMethodWorker.run(TestMethodWorker.java:109)
at org.testng.TestRunner.privateRun(TestRunner.java:648)
at org.testng.TestRunner.run(TestRunner.java:505)
at org.testng.SuiteRunner.runTest(SuiteRunner.java:455)
at org.testng.SuiteRunner.access$000(SuiteRunner.java:40)
at org.testng.SuiteRunner$SuiteWorker.run(SuiteRunner.java:489)
at org.testng.internal.thread.ThreadUtil$1.call(ThreadUtil.java:52)
at java.base/java.util.concurrent.FutureTask.run(FutureTask.java:264)
at java.base/java.util.concurrent.ThreadPoolExecutor.runWorker(ThreadPoolExecutor.java:1135)
at java.base/java.util.concurrent.ThreadPoolExecutor$Worker.run(ThreadPoolExecutor.java:635)
at java.base/java.lang.Thread.run(Thread.java:844)
]]>
            </full-stacktrace>
          </exception> <!-- java.lang.AssertionError -->
          <reporter-output>
          </reporter-output>
        </test-method> <!-- A_006_AuthenticationWithEmptyPassword -->
        <test-method is-config="true" signature="quitDriver()[pri:0, instance:TestCases.AuthenticationUserSignIn@11c9af63]" started-at="2019-06-19T07:14:20Z" name="quitDriver" finished-at="2019-06-19T07:14:21Z" duration-ms="826" status="PASS">
          <reporter-output>
          </reporter-output>
        </test-method> <!-- quitDriver -->
      </class> <!-- TestCases.AuthenticationUserSignIn -->
    </test> <!-- Regresion test for 1.5.35 -->
  </suite> <!-- MySuite -->
</testng-results>
